<?xml version="1.0" encoding="UTF-8"?>
<!-- Generated by org.testng.reporters.JUnitXMLReporter -->
<testsuite ignored="2" hostname="DESKTOP-O5BDQNS" failures="0" tests="1" name="Default test" time="15.924" errors="0" timestamp="2024-07-30T10:13:18 IST">
  <testcase classname="test.RegisterTest" name="loginTest" time="1.985"/>
  <testcase classname="test.RegisterTest" name="billPay" time="0.0">
    <ignored/>
  </testcase> <!-- billPay -->
  <testcase classname="test.RegisterTest" name="transferFund" time="0.0">
    <ignored/>
  </testcase> <!-- transferFund -->
</testsuite> <!-- Default test -->
