<?xml version="1.0" encoding="UTF-8"?>
<testng-results ignored="0" total="1" passed="1" failed="0" skipped="0">
  <reporter-output>
  </reporter-output>
  <suite started-at="2024-07-30T10:13:03 IST" name="Default suite" finished-at="2024-07-30T10:13:18 IST" duration-ms="15924">
    <groups>
    </groups>
    <test started-at="2024-07-30T10:13:03 IST" name="Default test" finished-at="2024-07-30T10:13:18 IST" duration-ms="15924">
      <class name="test.RegisterTest">
        <test-method is-config="true" signature="extentReportSetup()[pri:0, instance:test.RegisterTest@217ed35e]" started-at="2024-07-30T10:13:03 IST" name="extentReportSetup" finished-at="2024-07-30T10:13:03 IST" duration-ms="20" status="PASS">
          <reporter-output>
          </reporter-output>
        </test-method> <!-- extentReportSetup -->
        <test-method is-config="true" signature="startDriver(org.testng.ITestContext)[pri:0, instance:test.RegisterTest@217ed35e]" started-at="2024-07-30T10:13:03 IST" name="startDriver" finished-at="2024-07-30T10:13:16 IST" duration-ms="12598" status="PASS">
          <params>
            <param index="0">
              <value>
                <![CDATA[org.testng.TestRunner@36f1046f]]>
              </value>
            </param>
          </params>
          <reporter-output>
          </reporter-output>
        </test-method> <!-- startDriver -->
        <test-method signature="loginTest()[pri:0, instance:test.RegisterTest@217ed35e]" started-at="2024-07-30T10:13:16 IST" name="loginTest" finished-at="2024-07-30T10:13:18 IST" duration-ms="1985" status="PASS">
          <reporter-output>
          </reporter-output>
        </test-method> <!-- loginTest -->
        <test-method is-config="true" signature="quitDriver()[pri:0, instance:test.RegisterTest@217ed35e]" started-at="2024-07-30T10:13:18 IST" name="quitDriver" finished-at="2024-07-30T10:13:18 IST" duration-ms="0" status="PASS">
          <reporter-output>
          </reporter-output>
        </test-method> <!-- quitDriver -->
        <test-method is-config="true" signature="flushExtendReports()[pri:0, instance:test.RegisterTest@217ed35e]" started-at="2024-07-30T10:13:18 IST" name="flushExtendReports" finished-at="2024-07-30T10:13:18 IST" duration-ms="888" status="PASS">
          <reporter-output>
          </reporter-output>
        </test-method> <!-- flushExtendReports -->
      </class> <!-- test.RegisterTest -->
    </test> <!-- Default test -->
  </suite> <!-- Default suite -->
</testng-results>
