<?xml version="1.0" encoding="UTF-8"?>
<testng-results ignored="0" total="1" passed="1" failed="0" skipped="0">
  <reporter-output>
  </reporter-output>
  <suite started-at="2024-06-17T11:59:43 IST" name="Default suite" finished-at="2024-06-17T11:59:58 IST" duration-ms="14587">
    <groups>
    </groups>
    <test started-at="2024-06-17T11:59:43 IST" name="Default test" finished-at="2024-06-17T11:59:58 IST" duration-ms="14587">
      <class name="test.LoginTest">
        <test-method is-config="true" signature="extentReportSetup()[pri:0, instance:test.LoginTest@6b2ea799]" started-at="2024-06-17T11:59:44 IST" name="extentReportSetup" finished-at="2024-06-17T11:59:44 IST" duration-ms="436" status="PASS">
          <reporter-output>
          </reporter-output>
        </test-method> <!-- extentReportSetup -->
        <test-method is-config="true" signature="startDriver()[pri:0, instance:test.LoginTest@6b2ea799]" started-at="2024-06-17T11:59:44 IST" name="startDriver" finished-at="2024-06-17T11:59:52 IST" duration-ms="7633" status="PASS">
          <reporter-output>
          </reporter-output>
        </test-method> <!-- startDriver -->
        <test-method signature="checkBoxTest()[pri:0, instance:test.LoginTest@6b2ea799]" started-at="2024-06-17T11:59:52 IST" name="checkBoxTest" finished-at="2024-06-17T11:59:58 IST" duration-ms="5902" status="PASS">
          <reporter-output>
          </reporter-output>
        </test-method> <!-- checkBoxTest -->
        <test-method is-config="true" signature="quitDriver()[pri:0, instance:test.LoginTest@6b2ea799]" started-at="2024-06-17T11:59:58 IST" name="quitDriver" finished-at="2024-06-17T11:59:58 IST" duration-ms="1" status="PASS">
          <reporter-output>
          </reporter-output>
        </test-method> <!-- quitDriver -->
        <test-method is-config="true" signature="flushExtendReports()[pri:0, instance:test.LoginTest@6b2ea799]" started-at="2024-06-17T11:59:58 IST" name="flushExtendReports" finished-at="2024-06-17T11:59:58 IST" duration-ms="510" status="PASS">
          <reporter-output>
          </reporter-output>
        </test-method> <!-- flushExtendReports -->
      </class> <!-- test.LoginTest -->
    </test> <!-- Default test -->
  </suite> <!-- Default suite -->
</testng-results>
