<?xml version="1.0" encoding="UTF-8"?>
<!-- Generated by org.testng.reporters.JUnitReportReporter -->
<testsuite hostname="DESKTOP-O5BDQNS" failures="0" tests="3" name="test.ProductPageTest" time="11.328" errors="0" timestamp="2024-08-12T13:04:01 IST" skipped="2">
  <testcase classname="test.ProductPageTest" name="addProductToCart" time="11.328"/>
  <testcase classname="test.ProductPageTest" name="addProductToCart1">
    <skipped/>
  </testcase> <!-- addProductToCart1 -->
  <testcase classname="test.ProductPageTest" name="addProductSauceLabsBackPack">
    <skipped/>
  </testcase> <!-- addProductSauceLabsBackPack -->
</testsuite> <!-- test.ProductPageTest -->
